  main.cpp
c:\users\user\downloads\ea-master (3)\ea-master\towerdefence\pngempty2017\main.cpp(31): warning C4005: 'MAX_ENEMY_NUM': 巨集重複定義
  c:\users\user\downloads\ea-master (3)\ea-master\towerdefence\pngempty2017\enemy.h(12): note: 請參閱 'MAX_ENEMY_NUM' 之前的定義
c:\users\user\downloads\ea-master (3)\ea-master\towerdefence\pngempty2017\main.cpp(32): warning C4005: 'MAX_BULLET_NUM': 巨集重複定義
  c:\users\user\downloads\ea-master (3)\ea-master\towerdefence\pngempty2017\tower.h(16): note: 請參閱 'MAX_BULLET_NUM' 之前的定義
c:\users\user\downloads\ea-master (3)\ea-master\towerdefence\pngempty2017\main.cpp(176): warning C4305: '引數': 從 'double' 轉換為 'GLfloat'，是由較大的類型轉換為較小的類型，可能導致資料遺失
c:\users\user\downloads\ea-master (3)\ea-master\towerdefence\pngempty2017\main.cpp(211): warning C4305: '引數': 從 'double' 轉換為 'GLfloat'，是由較大的類型轉換為較小的類型，可能導致資料遺失
c:\users\user\downloads\ea-master (3)\ea-master\towerdefence\pngempty2017\main.cpp(262): warning C4305: '引數': 從 'double' 轉換為 'GLfloat'，是由較大的類型轉換為較小的類型，可能導致資料遺失
c:\users\user\downloads\ea-master (3)\ea-master\towerdefence\pngempty2017\main.cpp(275): warning C4244: '引數': 將 'int' 轉換為 'GLfloat'，由於類型不同，可能導致資料遺失
c:\users\user\downloads\ea-master (3)\ea-master\towerdefence\pngempty2017\main.cpp(276): warning C4244: '引數': 將 'int' 轉換為 'GLfloat'，由於類型不同，可能導致資料遺失
c:\users\user\downloads\ea-master (3)\ea-master\towerdefence\pngempty2017\main.cpp(282): warning C4244: '引數': 將 'int' 轉換為 'GLfloat'，由於類型不同，可能導致資料遺失
c:\users\user\downloads\ea-master (3)\ea-master\towerdefence\pngempty2017\main.cpp(283): warning C4244: '引數': 將 'int' 轉換為 'GLfloat'，由於類型不同，可能導致資料遺失
c:\users\user\downloads\ea-master (3)\ea-master\towerdefence\pngempty2017\main.cpp(288): warning C4305: '引數': 從 'double' 轉換為 'GLfloat'，是由較大的類型轉換為較小的類型，可能導致資料遺失
c:\users\user\downloads\ea-master (3)\ea-master\towerdefence\pngempty2017\main.cpp(448): warning C4244: '=': 將 'int' 轉換為 'float'，由於類型不同，可能導致資料遺失
c:\users\user\downloads\ea-master (3)\ea-master\towerdefence\pngempty2017\main.cpp(459): warning C4244: '=': 將 'int' 轉換為 'float'，由於類型不同，可能導致資料遺失
c:\users\user\downloads\ea-master (3)\ea-master\towerdefence\pngempty2017\main.cpp(460): warning C4305: '引數': 從 'double' 轉換為 'float'，是由較大的類型轉換為較小的類型，可能導致資料遺失
c:\users\user\downloads\ea-master (3)\ea-master\towerdefence\pngempty2017\main.cpp(460): warning C4244: '=': 將 'double' 轉換為 'float'，由於類型不同，可能導致資料遺失
c:\users\user\downloads\ea-master (3)\ea-master\towerdefence\pngempty2017\main.cpp(639): warning C4244: '-=': 將 'double' 轉換為 'float'，由於類型不同，可能導致資料遺失
c:\users\user\downloads\ea-master (3)\ea-master\towerdefence\pngempty2017\main.cpp(718): warning C4305: '+=': 從 'double' 轉換為 'float'，是由較大的類型轉換為較小的類型，可能導致資料遺失
c:\users\user\downloads\ea-master (3)\ea-master\towerdefence\pngempty2017\main.cpp(763): warning C4244: '=': 將 'int' 轉換為 'float'，由於類型不同，可能導致資料遺失
c:\users\user\downloads\ea-master (3)\ea-master\towerdefence\pngempty2017\main.cpp(848): warning C4244: '引數': 將 'time_t' 轉換為 'unsigned int'，由於類型不同，可能導致資料遺失
  PNGEmpty2017.vcxproj -> C:\Users\user\Downloads\EA-master (3)\EA-master\TowerDefence\Debug\PNGEmpty2017.exe
